INFO: 07/18/2022 02:28:54 Starting run...
INFO: 07/18/2022 02:28:54 Finding point count by COUNTRY
INFO: 07/18/2022 02:28:55 Converting rows to points...
WARNING: 07/18/2022 02:29:02 23 point(s) fall outside of boundaries!
WARNING: 07/18/2022 02:29:02 These data will not be included when summing by intersection!
INFO: 07/18/2022 02:29:02 Finding boundary shapes containing points...
INFO: 07/18/2022 02:29:04 Finding point count and maximum confidence level by boundary...
INFO: 07/18/2022 02:29:10 Summarizing by COUNTRY
INFO: 07/18/2022 02:29:10 Clean up...
INFO: 07/18/2022 02:29:10 Creating output CSV...
INFO: 07/18/2022 02:29:10 Finding average distance to all fires...
INFO: 07/18/2022 02:29:10 Finding distances to all fires...
INFO: 07/18/2022 02:29:28 Averaging distances...
INFO: 07/18/2022 02:30:11 Joining avergae distance...
INFO: 07/18/2022 02:30:12 Creating output CSV...
INFO: 07/18/2022 02:30:12 Clean up...
INFO: 07/18/2022 02:30:12 Finding fires within a distance to a border...
INFO: 07/18/2022 02:30:12 Converting boundaries to lines...
INFO: 07/18/2022 02:30:15 Finding points within 5 kilometers to a border...
INFO: 07/18/2022 02:30:15 Creating output CSV...
INFO: 07/18/2022 02:30:15 Finished run
INFO: 07/18/2022 02:30:15 ---------------------------------------------------------

INFO: 07/18/2022 02:31:46 Starting run...
INFO: 07/18/2022 02:31:46 Finding point count by COUNTRY
INFO: 07/18/2022 02:31:47 Converting rows to points...
WARNING: 07/18/2022 02:31:53 23 point(s) fall outside of boundaries!
WARNING: 07/18/2022 02:31:53 These data will not be included when summing by intersection!
INFO: 07/18/2022 02:31:53 Finding boundary shapes containing points...
INFO: 07/18/2022 02:31:56 Finding point count and maximum confidence level by boundary...
INFO: 07/18/2022 02:32:00 Summarizing by COUNTRY
INFO: 07/18/2022 02:32:00 Clean up...
INFO: 07/18/2022 02:32:00 Creating output CSV...
INFO: 07/18/2022 02:32:00 Finding average distance to all fires...
INFO: 07/18/2022 02:32:00 Finding distances to all fires...
INFO: 07/18/2022 02:32:21 Averaging distances...
INFO: 07/18/2022 02:34:30 Joining avergae distance...
INFO: 07/18/2022 02:34:31 Creating output CSV...
INFO: 07/18/2022 02:34:32 Clean up...
INFO: 07/18/2022 02:34:32 Finding fires within a distance to a border...
INFO: 07/18/2022 02:34:32 Converting boundaries to lines...
INFO: 07/18/2022 02:34:35 Finding points within 5 kilometers to a border...
INFO: 07/18/2022 02:34:35 Creating output CSV...
INFO: 07/18/2022 02:34:35 Finished run
INFO: 07/18/2022 02:34:35 ---------------------------------------------------------

INFO: 07/18/2022 03:11:34 Starting run...
INFO: 07/18/2022 03:11:34 Finding point count by COUNTRY
INFO: 07/18/2022 03:11:36 Converting rows to points...
WARNING: 07/18/2022 03:11:43 23 point(s) fall outside of boundaries!
WARNING: 07/18/2022 03:11:43 These data will not be included when summing by intersection!
INFO: 07/18/2022 03:11:43 Finding boundary shapes containing points...
INFO: 07/18/2022 03:11:46 Finding point count and maximum confidence level by boundary...
INFO: 07/18/2022 03:11:57 Summarizing by COUNTRY
INFO: 07/18/2022 03:11:57 Clean up...
INFO: 07/18/2022 03:11:57 Creating output CSV...
INFO: 07/18/2022 03:11:57 Finding average distance to all fires...
INFO: 07/18/2022 03:11:57 Finding distances to all fires...
INFO: 07/18/2022 03:12:31 Averaging distances...
